<?xml version="1.0" encoding="UTF-8"?>
<!-- Generated by org.testng.reporters.JUnitXMLReporter -->
<testsuite ignored="0" hostname="ttnpl-5559" failures="0" tests="1" name="Default test" time="0.045" errors="0"
           timestamp="2025-01-06T17:00:16 IST">
    <testcase classname="com.ttn.WebAutomation.base.BaseLib" name="@BeforeSuite beforeSuite" time="-1.736163016564E9">
        <failure type="org.testng.TestNGException" message="
Parameter &amp;apos;Environment&amp;apos; is required by BeforeSuite on method beforeSuite but has not been marked @Optional or defined
in C:\Users\S. Madhumitha\AppData\Local\Temp\testng-eclipse-1762691664\testng-customsuite.xml">
            <![CDATA[org.testng.TestNGException:
Parameter 'Environment' is required by BeforeSuite on method beforeSuite but has not been marked @Optional or defined
in C:\Users\S. Madhumitha\AppData\Local\Temp\testng-eclipse-1762691664\testng-customsuite.xml
at org.testng.internal.Parameters.createParams(Parameters.java:267)
at org.testng.internal.Parameters.createParametersForMethod(Parameters.java:355)
at org.testng.internal.Parameters.createParameters(Parameters.java:660)
at org.testng.internal.Parameters.createConfigurationParameters(Parameters.java:166)
at org.testng.internal.invokers.ConfigInvoker.invokeConfigurations(ConfigInvoker.java:300)
at org.testng.SuiteRunner.privateRun(SuiteRunner.java:368)
at org.testng.SuiteRunner.run(SuiteRunner.java:326)
at org.testng.SuiteRunnerWorker.runSuite(SuiteRunnerWorker.java:52)
at org.testng.SuiteRunnerWorker.run(SuiteRunnerWorker.java:95)
at org.testng.TestNG.runSuitesSequentially(TestNG.java:1249)
at org.testng.TestNG.runSuitesLocally(TestNG.java:1169)
at org.testng.TestNG.runSuites(TestNG.java:1092)
at org.testng.TestNG.run(TestNG.java:1060)
at org.testng.remote.AbstractRemoteTestNG.run(AbstractRemoteTestNG.java:115)
at org.testng.remote.RemoteTestNG.initAndRun(RemoteTestNG.java:251)
at org.testng.remote.RemoteTestNG.main(RemoteTestNG.java:77)
]]>
        </failure>
    </testcase> <!-- @BeforeSuite beforeSuite -->
    <testcase classname="com.ttn.WebAutomation.base.BaseLib" name="@BeforeTest preTestCondition" time="0.0">
        <skipped/>
    </testcase> <!-- @BeforeTest preTestCondition -->
    <testcase classname="com.ttn.WebAutomation.base.BaseLib" name="@BeforeClass beforeClass" time="0.01">
        <failure type="java.lang.NullPointerException"
                 message="Cannot invoke &amp;quot;com.aventstack.extentreports.ExtentTest.createNode(String)&amp;quot; because &amp;quot;com.ttn.WebAutomation.base.BaseLib.parentTest&amp;quot; is null">
            <![CDATA[java.lang.NullPointerException: Cannot invoke "com.aventstack.extentreports.ExtentTest.createNode(String)" because "com.ttn.WebAutomation.base.BaseLib.parentTest" is null
at com.ttn.WebAutomation.base.BaseLib.beforeClass(BaseLib.java:199)
at java.base/jdk.internal.reflect.NativeMethodAccessorImpl.invoke0(Native Method)
at java.base/jdk.internal.reflect.NativeMethodAccessorImpl.invoke(NativeMethodAccessorImpl.java:77)
at java.base/jdk.internal.reflect.DelegatingMethodAccessorImpl.invoke(DelegatingMethodAccessorImpl.java:43)
at java.base/java.lang.reflect.Method.invoke(Method.java:568)
at org.testng.internal.invokers.MethodInvocationHelper.invokeMethod(MethodInvocationHelper.java:136)
at org.testng.internal.invokers.MethodInvocationHelper.invokeMethodConsideringTimeout(MethodInvocationHelper.java:65)
at org.testng.internal.invokers.ConfigInvoker.invokeConfigurationMethod(ConfigInvoker.java:381)
at org.testng.internal.invokers.ConfigInvoker.invokeConfigurations(ConfigInvoker.java:319)
at org.testng.internal.invokers.TestMethodWorker.invokeBeforeClassMethods(TestMethodWorker.java:178)
at org.testng.internal.invokers.TestMethodWorker.run(TestMethodWorker.java:122)
at java.base/java.util.ArrayList.forEach(ArrayList.java:1511)
at org.testng.TestRunner.privateRun(TestRunner.java:808)
at org.testng.TestRunner.run(TestRunner.java:603)
at org.testng.SuiteRunner.runTest(SuiteRunner.java:429)
at org.testng.SuiteRunner.runSequentially(SuiteRunner.java:423)
at org.testng.SuiteRunner.privateRun(SuiteRunner.java:383)
at org.testng.SuiteRunner.run(SuiteRunner.java:326)
at org.testng.SuiteRunnerWorker.runSuite(SuiteRunnerWorker.java:52)
at org.testng.SuiteRunnerWorker.run(SuiteRunnerWorker.java:95)
at org.testng.TestNG.runSuitesSequentially(TestNG.java:1249)
at org.testng.TestNG.runSuitesLocally(TestNG.java:1169)
at org.testng.TestNG.runSuites(TestNG.java:1092)
at org.testng.TestNG.run(TestNG.java:1060)
at org.testng.remote.AbstractRemoteTestNG.run(AbstractRemoteTestNG.java:115)
at org.testng.remote.RemoteTestNG.initAndRun(RemoteTestNG.java:251)
at org.testng.remote.RemoteTestNG.main(RemoteTestNG.java:77)
]]>
        </failure>
    </testcase> <!-- @BeforeClass beforeClass -->
    <testcase classname="com.ttn.WebAutomation.base.BaseLib" name="@BeforeMethod preReportSetUp" time="0.0">
        <skipped/>
    </testcase> <!-- @BeforeMethod preReportSetUp -->
    <testcase classname="com.ttn.WebAutomation.base.BaseLib" name="@AfterMethod reportClosure" time="0.0">
        <skipped/>
    </testcase> <!-- @AfterMethod reportClosure -->
    <testcase classname="com.ttn.WebAutomation.base.BaseLib" name="@AfterTest getResult" time="0.0">
        <skipped/>
    </testcase> <!-- @AfterTest getResult -->
    <testcase classname="com.ttn.WebAutomation.tests.msil.carDetailsIgnisTest.RegisterYourInterestIgnisTest"
              name="userJourneyForVerificationOfRegisterYourInterestIgnis" time="0.0">
        <skipped/>
    </testcase> <!-- userJourneyForVerificationOfRegisterYourInterestIgnis -->
</testsuite> <!-- Default test -->
